make --dry-run --always-make --keep-going --print-directory
make: Entering directory '/media/mogmoug/Documentation/work-space/c_cpp-project/OINC'
/usr/bin/cmake -S/home/mogmoug/workspace/c_cpp-project/OINC -B/home/mogmoug/workspace/c_cpp-project/OINC --check-build-system CMakeFiles/Makefile.cmake 0
/usr/bin/cmake -E cmake_progress_start /home/mogmoug/workspace/c_cpp-project/OINC/CMakeFiles /home/mogmoug/workspace/c_cpp-project/OINC/CMakeFiles/progress.marks
make -f CMakeFiles/Makefile2 all
make[1]: Entering directory '/media/mogmoug/Documentation/work-space/c_cpp-project/OINC'
make -f CMakeFiles/oinc.dir/build.make CMakeFiles/oinc.dir/depend
make[2]: Entering directory '/media/mogmoug/Documentation/work-space/c_cpp-project/OINC'
cd /home/mogmoug/workspace/c_cpp-project/OINC && /usr/bin/cmake -E cmake_depends "Unix Makefiles" /home/mogmoug/workspace/c_cpp-project/OINC /home/mogmoug/workspace/c_cpp-project/OINC /home/mogmoug/workspace/c_cpp-project/OINC /home/mogmoug/workspace/c_cpp-project/OINC /home/mogmoug/workspace/c_cpp-project/OINC/CMakeFiles/oinc.dir/DependInfo.cmake --color=
make[2]: Leaving directory '/media/mogmoug/Documentation/work-space/c_cpp-project/OINC'
make -f CMakeFiles/oinc.dir/build.make CMakeFiles/oinc.dir/build
make[2]: Entering directory '/media/mogmoug/Documentation/work-space/c_cpp-project/OINC'
/usr/bin/cmake -E cmake_echo_color --switch= --green --progress-dir=/home/mogmoug/workspace/c_cpp-project/OINC/CMakeFiles --progress-num=1 "Building C object CMakeFiles/oinc.dir/main.c.o"
/usr/bin/cc    -o CMakeFiles/oinc.dir/main.c.o   -c /home/mogmoug/workspace/c_cpp-project/OINC/main.c
/usr/bin/cmake -E cmake_echo_color --switch= --green --bold --progress-dir=/home/mogmoug/workspace/c_cpp-project/OINC/CMakeFiles --progress-num=2 "Linking C executable oinc"
/usr/bin/cmake -E cmake_link_script CMakeFiles/oinc.dir/link.txt --verbose=
make[2]: Leaving directory '/media/mogmoug/Documentation/work-space/c_cpp-project/OINC'
/usr/bin/cmake -E cmake_echo_color --switch= --progress-dir=/home/mogmoug/workspace/c_cpp-project/OINC/CMakeFiles --progress-num=1,2 "Built target oinc"
make[1]: Leaving directory '/media/mogmoug/Documentation/work-space/c_cpp-project/OINC'
/usr/bin/cmake -E cmake_progress_start /home/mogmoug/workspace/c_cpp-project/OINC/CMakeFiles 0
make: Leaving directory '/media/mogmoug/Documentation/work-space/c_cpp-project/OINC'
 
