make all --print-data-base --no-builtin-variables --no-builtin-rules --question
# GNU Make 4.2.1
# Built for x86_64-pc-linux-gnu
# Copyright (C) 1988-2016 Free Software Foundation, Inc.
# License GPLv3+: GNU GPL version 3 or later <http://gnu.org/licenses/gpl.html>
# This is free software: you are free to change and redistribute it.
# There is NO WARRANTY, to the extent permitted by law.

# Make data base, printed on Sun May 29 08:33:31 2022

# Variables

# automatic
<D = $(patsubst %/,%,$(dir $<))
# automatic
?F = $(notdir $?)
# environment
PAPERSIZE = a4
# environment
DESKTOP_SESSION = Lubuntu
# default
.SHELLFLAGS := -c
# environment
XDG_SESSION_CLASS = user
# environment
XDG_SESSION_TYPE = x11
# environment
VSCODE_LOG_NATIVE = false
# environment
LXQT_SESSION_CONFIG = session
# automatic
?D = $(patsubst %/,%,$(dir $?))
# automatic
@D = $(patsubst %/,%,$(dir $@))
# environment
XAUTHORITY = /home/mogmoug/.Xauthority
# automatic
@F = $(notdir $@)
# environment
XMODIFIERS = @im=fcitx
# makefile
CURDIR := /media/mogmoug/Documentation/work-space/c_cpp-project/OINC
# makefile (from 'Makefile', line 39)
SHELL = /bin/sh
# makefile (from 'Makefile', line 45)
RM = /usr/bin/cmake -E remove -f
# environment
VSCODE_NLS_CONFIG = {"locale":"zh-cn","availableLanguages":{"*":"zh-cn"},"_languagePackId":"42e84e0914b17800d483f69e299e1b00.zh-cn","_translationsConfigFile":"/home/mogmoug/.config/Code/clp/42e84e0914b17800d483f69e299e1b00.zh-cn/tcf.json","_cacheRoot":"/home/mogmoug/.config/Code/clp/42e84e0914b17800d483f69e299e1b00.zh-cn","_resolvedLanguagePackCoreLocation":"/home/mogmoug/.config/Code/clp/42e84e0914b17800d483f69e299e1b00.zh-cn/c3511e6c69bb39013c4a4b7b9566ec1ca73fc4d5","_corruptedFile":"/home/mogmoug/.config/Code/clp/42e84e0914b17800d483f69e299e1b00.zh-cn/corrupted.info","_languagePackSupport":true}
# environment
_ = /usr/share/code/code
# environment
XDG_CONFIG_DIRS = /etc/xdg/xdg-Lubuntu:/etc/xdg:/etc:/usr/share
# makefile (from 'Makefile', line 54)
CMAKE_BINARY_DIR = /home/mogmoug/workspace/c_cpp-project/OINC
# environment
GTK_OVERLAY_SCROLLING = 0
# makefile (from 'Makefile', line 1)
MAKEFILE_LIST :=  Makefile
# environment
GIO_LAUNCHED_DESKTOP_FILE = /usr/share/applications/code.desktop
# 'override' directive
GNUMAKEFLAGS := 
# environment
LXQT_DEFAULT_OPENBOX_CONFIG = /etc/xdg/xdg-Lubuntu/openbox/lxqt-rc.xml
# environment
MAKELEVEL := 0
# environment
XDG_DATA_DIRS = /usr/share/Lubuntu:/home/mogmoug/.local/share/flatpak/exports/share:/var/lib/flatpak/exports/share:/usr/local/share:/usr/share
# environment
DBUS_SESSION_BUS_ADDRESS = unix:path=/run/user/1000/bus
# environment
VSCODE_VERBOSE_LOGGING = true
# environment
LC_COLLATE = zh_CN.UTF-8
# environment
CLUTTER_IM_MODULE = fcitx
# environment
VSCODE_IPC_HOOK_EXTHOST = /run/user/1000/vscode-ipc-16039146-84b1-479a-aafd-8a111ca5a3aa.sock
# environment
LC_NAME = zh_CN.UTF-8
# environment
VSCODE_CWD = /home/mogmoug
# environment
XDG_SESSION_PATH = /org/freedesktop/DisplayManager/Session1
# environment
GSETTINGS_SCHEMA_DIR = /home/mogmoug/data
# default
MAKE_HOST := x86_64-pc-linux-gnu
# environment
PATH = /usr/local/sbin:/usr/local/bin:/usr/sbin:/usr/bin:/sbin:/bin:/usr/games:/usr/local/games:/snap/bin
# environment
GPG_AGENT_INFO = /run/user/1000/gnupg/S.gpg-agent:0:1
# environment
LSCOLORS = Gxfxcxdxbxegedabagacad
# environment
XDG_RUNTIME_DIR = /run/user/1000
# environment
XDG_MENU_PREFIX = lxqt-
# environment
VSCODE_LOG_STACK = false
# environment
ELECTRON_RUN_AS_NODE = 1
# default
.FEATURES := target-specific order-only second-expansion else-if shortest-stem undefine oneshell archives jobserver output-sync check-symlink load
# environment
LS_COLORS = 
# environment
XDG_SESSION_DESKTOP = 
# environment
SSH_AUTH_SOCK = /tmp/ssh-A9wv7TTqdOrU/agent.1229
# environment
GIO_LAUNCHED_DESKTOP_FILE_PID = 25695
# automatic
%F = $(notdir $%)
# environment
DISPLAY = :0
# environment
GTK_IM_MODULE = fcitx
# environment
VSCODE_PIPE_LOGGING = true
# environment
PWD = /media/mogmoug/Documentation/work-space/c_cpp-project/OINC
# environment
QT_QPA_PLATFORMTHEME = lxqt
# default
.LOADED := 
# environment
XDG_SEAT = seat0
# environment
SSH_AGENT_PID = 1339
# environment
ORIGINAL_XDG_CURRENT_DESKTOP = LXQt
# environment
GTK_MODULES = gail:atk-bridge
# environment
VSCODE_AMD_ENTRYPOINT = vs/workbench/api/node/extensionHostProcess
# environment
HOME = /home/mogmoug
# automatic
+D = $(patsubst %/,%,$(dir $+))
# environment
XDG_CACHE_HOME = /home/mogmoug/.cache
# environment
VSCODE_CODE_CACHE_PATH = /home/mogmoug/.config/Code/CachedData/c3511e6c69bb39013c4a4b7b9566ec1ca73fc4d5
# environment
LOGNAME = mogmoug
# environment
APPLICATION_INSIGHTS_NO_DIAGNOSTIC_CHANNEL = 1
# makefile (from 'Makefile', line 48)
EQUALS = =
# automatic
+F = $(notdir $+)
# environment
ZSH = /home/mogmoug/.oh-my-zsh
# environment
VSCODE_HANDLES_UNCAUGHT_ERRORS = true
# default
MAKE_VERSION := 4.2.1
# automatic
^D = $(patsubst %/,%,$(dir $^))
# environment
XDG_VTNR = 1
# environment
LC_TIME = zh_CN.UTF-8
# default
MAKE = $(MAKE_COMMAND)
# default
MAKECMDGOALS := all
# environment
QT_IM_MODULE = fcitx
# environment
SHLVL = 0
# environment
XDG_SESSION_ID = 3
# environment
USER = mogmoug
# environment
LC_MONETARY = zh_CN.UTF-8
# makefile
.DEFAULT_GOAL := default_target
# environment
XDG_CURRENT_DESKTOP = LXQt
# makefile (from 'Makefile', line 51)
CMAKE_SOURCE_DIR = /home/mogmoug/workspace/c_cpp-project/OINC
# environment
LESS = -R
# automatic
%D = $(patsubst %/,%,$(dir $%))
# environment
SAL_USE_VCLPLUGIN = qt5
# environment
LC_TELEPHONE = zh_CN.UTF-8
# default
MAKE_COMMAND := make
# environment
OLDPWD = /home/mogmoug
# default
.VARIABLES := 
# automatic
*F = $(notdir $*)
# environment
LANGUAGE = zh_CN:en
# environment
XDG_SEAT_PATH = /org/freedesktop/DisplayManager/Seat0
# environment
VSCODE_IPC_HOOK = /run/user/1000/vscode-e198c607-1.67.2-main.sock
# makefile
MAKEFLAGS = pqrRs
# environment
MFLAGS = -pqrRs
# automatic
*D = $(patsubst %/,%,$(dir $*))
# environment
GTK_CSD = 0
# environment
GDK_BACKEND = x11
# environment
QT_PLATFORM_PLUGIN = lxqt
# environment
BROWSER = /usr/bin/vivaldi
# environment
QT_ACCESSIBILITY = 1
# default
MAKEFILES := 
# environment
LC_NUMERIC = zh_CN.UTF-8
# automatic
<F = $(notdir $<)
# automatic
^F = $(notdir $^)
# environment
LC_MEASUREMENT = zh_CN.UTF-8
# environment
XDG_CONFIG_HOME = /home/mogmoug/.config
# environment
PAGER = less
# environment
LC_ALL = C
# environment
QT4_IM_MODULE = fcitx
# makefile (from 'Makefile', line 42)
CMAKE_COMMAND = /usr/bin/cmake
# environment
LC_PAPER = zh_CN.UTF-8
# environment
XDG_DATA_HOME = /home/mogmoug/.local/share
# makefile (from 'Makefile', line 21)
SUFFIXES = 
# environment
CHROME_DESKTOP = code-url-handler.desktop
# default
.INCLUDE_DIRS = /usr/include /usr/local/include /usr/include
# environment
LC_IDENTIFICATION = zh_CN.UTF-8
# default
.RECIPEPREFIX := 
# environment
LC_ADDRESS = zh_CN.UTF-8
# environment
LANG = C
# environment
TERM = qterminal
# environment
VSCODE_PID = 25695
# variable set hash-table stats:
# Load=126/1024=12%, Rehash=0, Collisions=16/160=10%

# Pattern-specific Variable Values

# No pattern-specific variable values.

# Directories

# . (device 2054, inode 1372): 17 files, no impossibilities.

# 17 files, no impossibilities in 1 directories.

# Implicit Rules

%.hpux_make_needs_suffix_list:

# 1 implicit rules, 0 (0.0%) terminal.

# Files

cmake_force:
#  Phony target (prerequisite of .PHONY).
#  Implicit rule search has not been done.
#  File does not exist.
#  File has not been updated.

list_install_components:
#  Phony target (prerequisite of .PHONY).
 
#  Implicit rule search has not been done.
#  File does not exist.
#  File has not been updated.
#  recipe to execute (from 'Makefile', line 97):
	@$(CMAKE_COMMAND) -E cmake_echo_color --switch=$(COLOR) --cyan "Available install components are: \"Unspecified\""

install/local: preinstall
#  Phony target (prerequisite of .PHONY).
#  Implicit rule search has not been done.
#  File does not exist.
#  File has not been updated.
#  recipe to execute (from 'Makefile', line 73):
	@$(CMAKE_COMMAND) -E cmake_echo_color --switch=$(COLOR) --cyan "Installing only the local directory..."
	/usr/bin/cmake -DCMAKE_INSTALL_LOCAL_ONLY=1 -P cmake_install.cmake

edit_cache:
#  Phony target (prerequisite of .PHONY).
#  Implicit rule search has not been done.
#  File does not exist.
#  File has not been updated.
#  recipe to execute (from 'Makefile', line 118):
	@$(CMAKE_COMMAND) -E cmake_echo_color --switch=$(COLOR) --cyan "Running CMake cache editor..."
	/usr/bin/cmake-gui -S$(CMAKE_SOURCE_DIR) -B$(CMAKE_BINARY_DIR)

all: cmake_check_build_system
#  Phony target (prerequisite of .PHONY).
#  Command line target.
#  Implicit rule search has not been done.
#  File does not exist.
#  File has been updated.
#  Needs to be updated (-q is set).
# variable set hash-table stats:
# Load=0/32=0%, Rehash=0, Collisions=0/6=0%
#  recipe to execute (from 'Makefile', line 129):
	$(CMAKE_COMMAND) -E cmake_progress_start /home/mogmoug/workspace/c_cpp-project/OINC/CMakeFiles /home/mogmoug/workspace/c_cpp-project/OINC/CMakeFiles/progress.marks
	$(MAKE) -f CMakeFiles/Makefile2 all
	$(CMAKE_COMMAND) -E cmake_progress_start /home/mogmoug/workspace/c_cpp-project/OINC/CMakeFiles 0

.PHONY: default_target cmake_force install/strip install/strip/fast install/local install/local/fast install install/fast list_install_components list_install_components/fast rebuild_cache rebuild_cache/fast edit_cache edit_cache/fast all clean clean/fast preinstall preinstall/fast depend oinc oinc/fast main.o main.c.o main.i main.c.i main.s main.c.s help cmake_check_build_system
#  Implicit rule search has not been done.
#  Modification time never checked.
#  File has not been updated.

oinc/fast:
#  Phony target (prerequisite of .PHONY).
#  Implicit rule search has not been done.
#  File does not exist.
#  File has not been updated.
#  recipe to execute (from 'Makefile', line 169):
	$(MAKE) -f CMakeFiles/oinc.dir/build.make CMakeFiles/oinc.dir/build

main.c.i:
#  Phony target (prerequisite of .PHONY).
#  Implicit rule search has not been done.
#  File does not exist.
#  File has not been updated.
#  recipe to execute (from 'Makefile', line 187):
	$(MAKE) -f CMakeFiles/oinc.dir/build.make CMakeFiles/oinc.dir/main.c.i

main.c.o:
#  Phony target (prerequisite of .PHONY).
#  Implicit rule search has not been done.
#  File does not exist.
#  File has not been updated.
#  recipe to execute (from 'Makefile', line 178):
	$(MAKE) -f CMakeFiles/oinc.dir/build.make CMakeFiles/oinc.dir/main.c.o

main.s: main.c.s
#  Phony target (prerequisite of .PHONY).
#  Implicit rule search has not been done.
#  File does not exist.
#  File has not been updated.

preinstall/fast:
#  Phony target (prerequisite of .PHONY).
#  Implicit rule search has not been done.
#  File does not exist.
#  File has not been updated.
#  recipe to execute (from 'Makefile', line 151):
	$(MAKE) -f CMakeFiles/Makefile2 preinstall

.SUFFIXES: .hpux_make_needs_suffix_list
#  Implicit rule search has not been done.
#  Modification time never checked.
#  File has not been updated.

# Not a target:
Makefile:
#  Implicit rule search has been done.
#  Last modified 2022-05-29 08:32:37.3654422
#  File has been updated.
#  Successfully updated.

.NOTPARALLEL:
#  Implicit rule search has not been done.
#  Modification time never checked.
#  File has not been updated.

clean/fast: clean
#  Phony target (prerequisite of .PHONY).
#  Implicit rule search has not been done.
#  File does not exist.
#  File has not been updated.

install/strip/fast: preinstall/fast
#  Phony target (prerequisite of .PHONY).
#  Implicit rule search has not been done.
#  File does not exist.
#  File has not been updated.
#  recipe to execute (from 'Makefile', line 67):
	@$(CMAKE_COMMAND) -E cmake_echo_color --switch=$(COLOR) --cyan "Installing the project stripped..."
	/usr/bin/cmake -DCMAKE_INSTALL_DO_STRIP=1 -P cmake_install.cmake

cmake_check_build_system:
#  Phony target (prerequisite of .PHONY).
#  Implicit rule search has not been done.
#  Implicit/static pattern stem: ''
#  File does not exist.
#  File has been updated.
#  Needs to be updated (-q is set).
# automatic
# @ := cmake_check_build_system
# automatic
# % := 
# automatic
# * := 
# automatic
# + := 
# automatic
# | := 
# automatic
# < := 
# automatic
# ^ := 
# automatic
# ? := 
# variable set hash-table stats:
# Load=8/32=25%, Rehash=0, Collisions=3/14=21%
#  recipe to execute (from 'Makefile', line 226):
	$(CMAKE_COMMAND) -S$(CMAKE_SOURCE_DIR) -B$(CMAKE_BINARY_DIR) --check-build-system CMakeFiles/Makefile.cmake 0

oinc: cmake_check_build_system
#  Phony target (prerequisite of .PHONY).
#  Implicit rule search has not been done.
#  File does not exist.
#  File has not been updated.
#  recipe to execute (from 'Makefile', line 164):
	$(MAKE) -f CMakeFiles/Makefile2 oinc

help:
#  Phony target (prerequisite of .PHONY).
#  Implicit rule search has not been done.
#  File does not exist.
#  File has not been updated.
#  recipe to execute (from 'Makefile', line 201):
	@echo "The following are some of the valid targets for this Makefile:"
	@echo "... all (the default if no target is provided)"
	@echo "... clean"
	@echo "... depend"
	@echo "... install/strip"
	@echo "... install/local"
	@echo "... install"
	@echo "... list_install_components"
	@echo "... rebuild_cache"
	@echo "... edit_cache"
	@echo "... oinc"
	@echo "... main.o"
	@echo "... main.i"
	@echo "... main.s"

preinstall: all
#  Phony target (prerequisite of .PHONY).
#  Implicit rule search has not been done.
#  File does not exist.
#  File has not been updated.
#  recipe to execute (from 'Makefile', line 146):
	$(MAKE) -f CMakeFiles/Makefile2 preinstall

.SILENT:
#  Implicit rule search has not been done.
#  Modification time never checked.
#  File has not been updated.

depend:
#  Phony target (prerequisite of .PHONY).
#  Implicit rule search has not been done.
#  File does not exist.
#  File has not been updated.
#  recipe to execute (from 'Makefile', line 156):
	$(CMAKE_COMMAND) -S$(CMAKE_SOURCE_DIR) -B$(CMAKE_BINARY_DIR) --check-build-system CMakeFiles/Makefile.cmake 1

main.c.s:
#  Phony target (prerequisite of .PHONY).
#  Implicit rule search has not been done.
#  File does not exist.
#  File has not been updated.
#  recipe to execute (from 'Makefile', line 196):
	$(MAKE) -f CMakeFiles/oinc.dir/build.make CMakeFiles/oinc.dir/main.c.s

# Not a target:
.DEFAULT:
#  Implicit rule search has not been done.
#  Modification time never checked.
#  File has not been updated.

default_target: all
#  Phony target (prerequisite of .PHONY).
#  Implicit rule search has not been done.
#  File does not exist.
#  File has not been updated.

clean:
#  Phony target (prerequisite of .PHONY).
#  Implicit rule search has not been done.
#  File does not exist.
#  File has not been updated.
#  recipe to execute (from 'Makefile', line 136):
	$(MAKE) -f CMakeFiles/Makefile2 clean

install/fast: preinstall/fast
#  Phony target (prerequisite of .PHONY).
#  Implicit rule search has not been done.
#  File does not exist.
#  File has not been updated.
#  recipe to execute (from 'Makefile', line 91):
	@$(CMAKE_COMMAND) -E cmake_echo_color --switch=$(COLOR) --cyan "Install the project..."
	/usr/bin/cmake -P cmake_install.cmake

rebuild_cache/fast: rebuild_cache
#  Phony target (prerequisite of .PHONY).
#  Implicit rule search has not been done.
#  File does not exist.
#  File has not been updated.

install/strip: preinstall
#  Phony target (prerequisite of .PHONY).
#  Implicit rule search has not been done.
#  File does not exist.
#  File has not been updated.
#  recipe to execute (from 'Makefile', line 61):
	@$(CMAKE_COMMAND) -E cmake_echo_color --switch=$(COLOR) --cyan "Installing the project stripped..."
	/usr/bin/cmake -DCMAKE_INSTALL_DO_STRIP=1 -P cmake_install.cmake

list_install_components/fast: list_install_components
#  Phony target (prerequisite of .PHONY).
#  Implicit rule search has not been done.
#  File does not exist.
#  File has not been updated.

edit_cache/fast: edit_cache
#  Phony target (prerequisite of .PHONY).
#  Implicit rule search has not been done.
#  File does not exist.
#  File has not been updated.

install/local/fast: preinstall/fast
#  Phony target (prerequisite of .PHONY).
#  Implicit rule search has not been done.
#  File does not exist.
#  File has not been updated.
#  recipe to execute (from 'Makefile', line 79):
	@$(CMAKE_COMMAND) -E cmake_echo_color --switch=$(COLOR) --cyan "Installing only the local directory..."
	/usr/bin/cmake -DCMAKE_INSTALL_LOCAL_ONLY=1 -P cmake_install.cmake

main.i: main.c.i
#  Phony target (prerequisite of .PHONY).
#  Implicit rule search has not been done.
#  File does not exist.
#  File has not been updated.

main.o: main.c.o
#  Phony target (prerequisite of .PHONY).
#  Implicit rule search has not been done.
#  File does not exist.
#  File has not been updated.

# Not a target:
 
.hpux_make_needs_suffix_list:
#  Implicit rule search has not been done.
#  Modification time never checked.
#  File has not been updated.

install: preinstall
#  Phony target (prerequisite of .PHONY).
#  Implicit rule search has not been done.
#  File does not exist.
#  File has not been updated.
#  recipe to execute (from 'Makefile', line 85):
	@$(CMAKE_COMMAND) -E cmake_echo_color --switch=$(COLOR) --cyan "Install the project..."
	/usr/bin/cmake -P cmake_install.cmake

rebuild_cache:
#  Phony target (prerequisite of .PHONY).
#  Implicit rule search has not been done.
#  File does not exist.
#  File has not been updated.
#  recipe to execute (from 'Makefile', line 107):
	@$(CMAKE_COMMAND) -E cmake_echo_color --switch=$(COLOR) --cyan "Running CMake to regenerate build system..."
	/usr/bin/cmake -S$(CMAKE_SOURCE_DIR) -B$(CMAKE_BINARY_DIR)

# files hash-table stats:
# Load=37/1024=4%, Rehash=0, Collisions=4/134=3%
# VPATH Search Paths

# No 'vpath' search paths.

# No general ('VPATH' variable) search path.

# strcache buffers: 1 (0) / strings = 55 / storage = 656 B / avg = 11 B
# current buf: size = 8162 B / used = 656 B / count = 55 / avg = 11 B

# strcache performance: lookups = 204 / hit rate = 73%
# hash-table stats:
# Load=55/8192=1%, Rehash=0, Collisions=2/204=1%
# Finished Make data base on Sun May 29 08:33:31 2022

 
